\BOOKMARK [0][-]{chapter.1}{Introduction}{}% 1
\BOOKMARK [0][-]{chapter.2}{Theoretical concepts}{}% 2
\BOOKMARK [1][-]{section.2.1}{Usability}{chapter.2}% 3
\BOOKMARK [2][-]{subsection.2.1.1}{Usability in software}{section.2.1}% 4
\BOOKMARK [2][-]{subsection.2.1.2}{Usability in video games}{section.2.1}% 5
\BOOKMARK [1][-]{section.2.2}{Heuristics in usability}{chapter.2}% 6
\BOOKMARK [1][-]{section.2.3}{The role of the tutorial in a video game}{chapter.2}% 7
\BOOKMARK [0][-]{chapter.3}{Methods for expert review}{}% 8
\BOOKMARK [1][-]{section.3.1}{Choosing heuristics}{chapter.3}% 9
\BOOKMARK [1][-]{section.3.2}{Defining tutorials}{chapter.3}% 10
\BOOKMARK [1][-]{section.3.3}{Basis for selecting applicable video games}{chapter.3}% 11
\BOOKMARK [0][-]{chapter.4}{Chosen games and their tutorials}{}% 12
\BOOKMARK [1][-]{section.4.1}{Initial impressions and takeaways}{chapter.4}% 13
\BOOKMARK [2][-]{subsection.4.1.1}{Dark Souls 2 \(FromSoftware, 2014\)}{section.4.1}% 14
\BOOKMARK [2][-]{subsection.4.1.2}{Ori and the Blind Forest \(Moon Studios, 2015\)}{section.4.1}% 15
\BOOKMARK [2][-]{subsection.4.1.3}{Heroes of the Storm \(Blizzard Entertainment, 2015\)}{section.4.1}% 16
\BOOKMARK [2][-]{subsection.4.1.4}{Psychonauts \(Double Fine Productions, 2005\)}{section.4.1}% 17
\BOOKMARK [2][-]{subsection.4.1.5}{Quake Live \(id Software, 2010\)}{section.4.1}% 18
\BOOKMARK [2][-]{subsection.4.1.6}{Rocket League \(Psyonix, 2015\)}{section.4.1}% 19
\BOOKMARK [2][-]{subsection.4.1.7}{Guild Gear Xrd Revelator \(Arc Systems Works, 2016\)}{section.4.1}% 20
\BOOKMARK [2][-]{subsection.4.1.8}{Quake Champions \(beta\), \(id Software, 2017\)}{section.4.1}% 21
\BOOKMARK [2][-]{subsection.4.1.9}{Dead Cells \(early access\), \(Motion Twin, 2017\)}{section.4.1}% 22
\BOOKMARK [2][-]{subsection.4.1.10}{The Banner Saga \(Stoic, 2014\)}{section.4.1}% 23
\BOOKMARK [2][-]{subsection.4.1.11}{Child of Light \(Ubisoft Montreal, 2014\)}{section.4.1}% 24
\BOOKMARK [2][-]{subsection.4.1.12}{SWAT 4 \(Irrational Games, 2005\)}{section.4.1}% 25
\BOOKMARK [2][-]{subsection.4.1.13}{This War of Mine \(11 bit studios, 2014\)}{section.4.1}% 26
\BOOKMARK [2][-]{subsection.4.1.14}{Hitman \(IO Interactive, 2016\)}{section.4.1}% 27
\BOOKMARK [2][-]{subsection.4.1.15}{Binary Domain \(Sega, 2012\)}{section.4.1}% 28
\BOOKMARK [2][-]{subsection.4.1.16}{Minecraft: Pocket Edition \(Android\) \(Mojang, 2016\)}{section.4.1}% 29
\BOOKMARK [2][-]{subsection.4.1.17}{Monument Valley \(Android\) \(Ustwo Games, 2014\)}{section.4.1}% 30
\BOOKMARK [2][-]{subsection.4.1.18}{New Star Soccer \(Android\) \(New Star Games, 2012\)}{section.4.1}% 31
\BOOKMARK [2][-]{subsection.4.1.19}{Insurgency \(New World Interactive, 2014\)}{section.4.1}% 32
\BOOKMARK [2][-]{subsection.4.1.20}{Hammerwatch \(Crackshell, 2013\)}{section.4.1}% 33
\BOOKMARK [0][-]{chapter.5}{Analyzing expert review results}{}% 34
\BOOKMARK [1][-]{section.5.1}{Tutorials and existing heuristics}{chapter.5}% 35
\BOOKMARK [1][-]{section.5.2}{Heuristics for tutorials}{chapter.5}% 36
\BOOKMARK [1][-]{section.5.3}{How to use the heuristics}{chapter.5}% 37
\BOOKMARK [0][-]{chapter.6}{Conclusion}{}% 38
\BOOKMARK [0][-]{appendix.A}{General heuristics from the bibliography}{}% 39
\BOOKMARK [0][-]{appendix.B}{Heuristics for tutorials}{}% 40
